Using pre-set license
Built from 'master' branch; Version is '2020.3.36f1 (71f96b79b9f0) revision 7469419'; Using compiler version '192528614'; Build Type 'Release'
OS: 'Windows 10  (10.0.19044) 64bit Professional' Language: 'en' Physical Memory: 8108 MB
BatchMode: 1, IsHumanControllingUs: 0, StartBugReporterOnCrash: 0, Is64bit: 1, IsPro: 0

COMMAND LINE ARGUMENTS:
C:\Program Files\Unity\Hub\Editor\2020.3.36f1\Editor\Unity.exe
-adb2
-batchMode
-noUpm
-name
AssetImportWorker0
-projectPath
F:/Unity Projects/2D-Endless-Runner/2D-Endless-Runner
-logFile
Logs/AssetImportWorker0.log
-srvPort
61571
Successfully changed project path to: F:/Unity Projects/2D-Endless-Runner/2D-Endless-Runner
F:/Unity Projects/2D-Endless-Runner/2D-Endless-Runner
Using Asset Import Pipeline V2.
Refreshing native plugins compatible for Editor in 65.68 ms, found 3 plugins.
Preloading 0 native plugins for Editor in 0.00 ms.
Initialize engine version: 2020.3.36f1 (71f96b79b9f0)
[Subsystems] Discovering subsystems at path C:/Program Files/Unity/Hub/Editor/2020.3.36f1/Editor/Data/Resources/UnitySubsystems
[Subsystems] Discovering subsystems at path F:/Unity Projects/2D-Endless-Runner/2D-Endless-Runner/Assets
GfxDevice: creating device client; threaded=0
Direct3D:
    Version:  Direct3D 11.0 [level 11.1]
    Renderer: AMD Radeon (TM) R5 M330 (ID=0x6660)
    Vendor:   
    VRAM:     2039 MB
    Driver:   27.20.1034.6
Initialize mono
Mono path[0] = 'C:/Program Files/Unity/Hub/Editor/2020.3.36f1/Editor/Data/Managed'
Mono path[1] = 'C:/Program Files/Unity/Hub/Editor/2020.3.36f1/Editor/Data/MonoBleedingEdge/lib/mono/unityjit'
Mono config path = 'C:/Program Files/Unity/Hub/Editor/2020.3.36f1/Editor/Data/MonoBleedingEdge/etc'
Using monoOptions --debugger-agent=transport=dt_socket,embedding=1,server=y,suspend=n,address=127.0.0.1:56204
Begin MonoManager ReloadAssembly
Registering precompiled unity dll's ...
Register platform support module: C:/Program Files/Unity/Hub/Editor/2020.3.36f1/Editor/Data/PlaybackEngines/WebGLSupport/UnityEditor.WebGL.Extensions.dll
Register platform support module: C:/Program Files/Unity/Hub/Editor/2020.3.36f1/Editor/Data/PlaybackEngines/WindowsStandaloneSupport/UnityEditor.WindowsStandalone.Extensions.dll
Registered in 0.003022 seconds.
Native extension for WindowsStandalone target not found
Native extension for WebGL target not found
Refreshing native plugins compatible for Editor in 68.96 ms, found 3 plugins.
Preloading 0 native plugins for Editor in 0.00 ms.
Mono: successfully reloaded assembly
- Completed reload, in  1.021 seconds
Domain Reload Profiling:
	ReloadAssembly (1021ms)
		BeginReloadAssembly (101ms)
			ExecutionOrderSort (0ms)
			DisableScriptedObjects (0ms)
			BackupInstance (0ms)
			ReleaseScriptingObjects (0ms)
			CreateAndSetChildDomain (1ms)
		EndReloadAssembly (808ms)
			LoadAssemblies (99ms)
			RebuildTransferFunctionScriptingTraits (1ms)
			SetupTypeCache (335ms)
			ReleaseScriptCaches (0ms)
			RebuildScriptCaches (51ms)
			SetupLoadedEditorAssemblies (256ms)
				LogAssemblyErrors (0ms)
				InitializePlatformSupportModulesInManaged (6ms)
				SetLoadedEditorAssemblies (0ms)
				RefreshPlugins (69ms)
				BeforeProcessingInitializeOnLoad (23ms)
				ProcessInitializeOnLoadAttributes (110ms)
				ProcessInitializeOnLoadMethodAttributes (48ms)
				AfterProcessingInitializeOnLoad (0ms)
				EditorAssembliesLoaded (0ms)
			ExecutionOrderSort2 (0ms)
			AwakeInstancesAfterBackupRestoration (0ms)
Platform modules already initialized, skipping
Registering precompiled user dll's ...
Registered in 0.003590 seconds.
Begin MonoManager ReloadAssembly
Native extension for WindowsStandalone target not found
Native extension for WebGL target not found
Refreshing native plugins compatible for Editor in 61.18 ms, found 3 plugins.
Preloading 0 native plugins for Editor in 0.00 ms.
Mono: successfully reloaded assembly
- Completed reload, in  1.698 seconds
Domain Reload Profiling:
	ReloadAssembly (1699ms)
		BeginReloadAssembly (212ms)
			ExecutionOrderSort (0ms)
			DisableScriptedObjects (7ms)
			BackupInstance (0ms)
			ReleaseScriptingObjects (0ms)
			CreateAndSetChildDomain (24ms)
		EndReloadAssembly (1330ms)
			LoadAssemblies (149ms)
			RebuildTransferFunctionScriptingTraits (0ms)
			SetupTypeCache (503ms)
			ReleaseScriptCaches (1ms)
			RebuildScriptCaches (65ms)
			SetupLoadedEditorAssemblies (475ms)
				LogAssemblyErrors (0ms)
				InitializePlatformSupportModulesInManaged (6ms)
				SetLoadedEditorAssemblies (0ms)
				RefreshPlugins (61ms)
				BeforeProcessingInitializeOnLoad (108ms)
				ProcessInitializeOnLoadAttributes (259ms)
				ProcessInitializeOnLoadMethodAttributes (32ms)
				AfterProcessingInitializeOnLoad (9ms)
				EditorAssembliesLoaded (0ms)
			ExecutionOrderSort2 (0ms)
			AwakeInstancesAfterBackupRestoration (3ms)
Platform modules already initialized, skipping
========================================================================
Worker process is ready to serve import requests
Launched and connected shader compiler UnityShaderCompiler.exe after 0.07 seconds
Refreshing native plugins compatible for Editor in 0.63 ms, found 3 plugins.
Preloading 0 native plugins for Editor in 0.00 ms.
Unloading 2205 Unused Serialized files (Serialized files now loaded: 0)
System memory in use before: 97.1 MB.
System memory in use after: 97.0 MB.

Unloading 31 unused Assets to reduce memory usage. Loaded Objects now: 2636.
Total: 5.367700 ms (FindLiveObjects: 0.194100 ms CreateObjectMapping: 0.128900 ms MarkObjects: 4.836000 ms  DeleteObjects: 0.207000 ms)

AssetImportParameters requested are different than current active one (requested -> active):
  custom:framework-win-MediaFoundation: 216162199b28c13a410421893ffa2e32 -> 
  custom:video-decoder-ogg-theora: a1e56fd34408186e4bbccfd4996cb3dc -> 
  custom:container-muxer-webm: aa71ff27fc2769a1b78a27578f13a17b -> 
  custom:container-demuxer-webm: 4f35f7cbe854078d1ac9338744f61a02 -> 
  custom:container-demuxer-ogg: 62fdf1f143b41e24485cea50d1cbac27 -> 
  custom:video-encoder-webm-vp8: eb34c28f22e8b96e1ab97ce403110664 -> 
  custom:video-decoder-webm-vp8: 9c59270c3fd7afecdb556c50c9e8de78 -> 
  custom:audio-decoder-ogg-vorbis: bf7c407c2cedff20999df2af8eb42d56 -> 
  custom:audio-encoder-webm-vorbis: bf7c407c2cedff20999df2af8eb42d56 -> 
========================================================================
Received Import Request.
  path: Assets/Prefab
  artifactKey: Guid(be9b0361751481c498083613ee54849c) Importer(815301076,1909f56bfc062723c751e8b465ee728b)
Start importing Assets/Prefab using Guid(be9b0361751481c498083613ee54849c) Importer(815301076,1909f56bfc062723c751e8b465ee728b)  -> (artifact id: '238c05631ad0f7d928fd1401826dba75') in 0.009712 seconds 
========================================================================
Received Import Request.
  Time since last request: 351.636124 seconds.
  path: Assets/Scenes/SampleScene.unity
  artifactKey: Guid(2cda990e2423bbf4892e6590ba056729) Importer(815301076,1909f56bfc062723c751e8b465ee728b)
Start importing Assets/Scenes/SampleScene.unity using Guid(2cda990e2423bbf4892e6590ba056729) Importer(815301076,1909f56bfc062723c751e8b465ee728b)  -> (artifact id: '39830e642e86629427d938554181f2fd') in 0.002623 seconds 
========================================================================
Received Import Request.
  Time since last request: 97.273247 seconds.
  path: Assets/Scenes/Endless_Runner.unity
  artifactKey: Guid(2cda990e2423bbf4892e6590ba056729) Importer(815301076,1909f56bfc062723c751e8b465ee728b)
Start importing Assets/Scenes/Endless_Runner.unity using Guid(2cda990e2423bbf4892e6590ba056729) Importer(815301076,1909f56bfc062723c751e8b465ee728b)  -> (artifact id: '60c2627ddaa41d5dd74e4ac8a0455370') in 0.009043 seconds 
========================================================================
Received Import Request.
  Time since last request: 7.619658 seconds.
  path: Assets/Prefab/Robot
  artifactKey: Guid(872379504b9794c46adb1a657a0e67ef) Importer(815301076,1909f56bfc062723c751e8b465ee728b)
Start importing Assets/Prefab/Robot using Guid(872379504b9794c46adb1a657a0e67ef) Importer(815301076,1909f56bfc062723c751e8b465ee728b)  -> (artifact id: 'be2215fe1f6fee9bc3aaaab7882197ef') in 0.004235 seconds 
========================================================================
Received Import Request.
  Time since last request: 0.047987 seconds.
  path: Assets/Prefab/Robot/Robot.prefab
  artifactKey: Guid(7030fb07e8abf2a4b865f0fee6ffe53b) Importer(815301076,1909f56bfc062723c751e8b465ee728b)
Start importing Assets/Prefab/Robot/Robot.prefab using Guid(7030fb07e8abf2a4b865f0fee6ffe53b) Importer(815301076,1909f56bfc062723c751e8b465ee728b)  -> (artifact id: 'e88c9e697cb6ead9d0d245c9ceedb263') in 0.287735 seconds 
========================================================================
Received Import Request.
  Time since last request: 100.354035 seconds.
  path: Assets/Animator/Robot.controller
  artifactKey: Guid(b79a1d85eb91ed547820d323dc270401) Importer(815301076,1909f56bfc062723c751e8b465ee728b)
Start importing Assets/Animator/Robot.controller using Guid(b79a1d85eb91ed547820d323dc270401) Importer(815301076,1909f56bfc062723c751e8b465ee728b)  -> (artifact id: '1ca3b3656154624841fa14c18b1b5e43') in 0.012851 seconds 
========================================================================
Received Import Request.
  Time since last request: 64.508465 seconds.
  path: Assets/Animator/Robot.controller
  artifactKey: Guid(b79a1d85eb91ed547820d323dc270401) Importer(815301076,1909f56bfc062723c751e8b465ee728b)
Start importing Assets/Animator/Robot.controller using Guid(b79a1d85eb91ed547820d323dc270401) Importer(815301076,1909f56bfc062723c751e8b465ee728b)  -> (artifact id: 'fcba429174e9210f00747b5f19865f06') in 0.009035 seconds 
========================================================================
Received Import Request.
  Time since last request: 785.667717 seconds.
  path: Assets/Animator/RobotRun.anim
  artifactKey: Guid(f4b804a66f1459b43be17ae7c0756f02) Importer(815301076,1909f56bfc062723c751e8b465ee728b)
Start importing Assets/Animator/RobotRun.anim using Guid(f4b804a66f1459b43be17ae7c0756f02) Importer(815301076,1909f56bfc062723c751e8b465ee728b)  -> (artifact id: '2323adf3e541136bd193733f7c672679') in 0.006502 seconds 
========================================================================
Received Import Request.
  Time since last request: 77.510398 seconds.
  path: Assets/Animator/Robot.controller
  artifactKey: Guid(b79a1d85eb91ed547820d323dc270401) Importer(815301076,1909f56bfc062723c751e8b465ee728b)
Start importing Assets/Animator/Robot.controller using Guid(b79a1d85eb91ed547820d323dc270401) Importer(815301076,1909f56bfc062723c751e8b465ee728b)  -> (artifact id: '49a828fc8ed1bda5af32a26f38a24fc0') in 0.022683 seconds 
========================================================================
Received Import Request.
  Time since last request: 9.722626 seconds.
  path: Assets/Prefab/Robot/Robot.prefab
  artifactKey: Guid(7030fb07e8abf2a4b865f0fee6ffe53b) Importer(815301076,1909f56bfc062723c751e8b465ee728b)
Start importing Assets/Prefab/Robot/Robot.prefab using Guid(7030fb07e8abf2a4b865f0fee6ffe53b) Importer(815301076,1909f56bfc062723c751e8b465ee728b)  -> (artifact id: 'c95174b58fa4a295654d88ac43c65d7e') in 0.034710 seconds 
========================================================================
Received Import Request.
  Time since last request: 19.374277 seconds.
  path: Assets/Spites/Robot
  artifactKey: Guid(018119012bd4d014daf775b5c28fdc9b) Importer(815301076,1909f56bfc062723c751e8b465ee728b)
Start importing Assets/Spites/Robot using Guid(018119012bd4d014daf775b5c28fdc9b) Importer(815301076,1909f56bfc062723c751e8b465ee728b)  -> (artifact id: 'b74bd7bb81b3241a560841513cc63060') in 0.002717 seconds 
========================================================================
Received Import Request.
  Time since last request: 0.084652 seconds.
  path: Assets/Spites/Robot/RobotBoyDeathSprite.png
  artifactKey: Guid(f45a39483cf4f914a816af821c9262bb) Importer(815301076,1909f56bfc062723c751e8b465ee728b)
Start importing Assets/Spites/Robot/RobotBoyDeathSprite.png using Guid(f45a39483cf4f914a816af821c9262bb) Importer(815301076,1909f56bfc062723c751e8b465ee728b)  -> (artifact id: '0005967fe43a801f485b532d56859709') in 0.172891 seconds 
========================================================================
Received Import Request.
  Time since last request: 0.000432 seconds.
  path: Assets/Spites/Robot/RobotBoyJumpSprite.png
  artifactKey: Guid(9e1a2edf6149977479db158e4fbf9671) Importer(815301076,1909f56bfc062723c751e8b465ee728b)
Start importing Assets/Spites/Robot/RobotBoyJumpSprite.png using Guid(9e1a2edf6149977479db158e4fbf9671) Importer(815301076,1909f56bfc062723c751e8b465ee728b)  -> (artifact id: '75131fcf9801e9937fd46e982d6ef773') in 0.131722 seconds 
========================================================================
Received Import Request.
  Time since last request: 0.000396 seconds.
  path: Assets/Spites/Robot/RobotBoyRollSprite.png
  artifactKey: Guid(fc67a9002ed4034419f91d0d85bd6b24) Importer(815301076,1909f56bfc062723c751e8b465ee728b)
Start importing Assets/Spites/Robot/RobotBoyRollSprite.png using Guid(fc67a9002ed4034419f91d0d85bd6b24) Importer(815301076,1909f56bfc062723c751e8b465ee728b)  -> (artifact id: '043311a9d9b43ef4f7118c926b723c17') in 0.118250 seconds 
========================================================================
Received Import Request.
  Time since last request: 0.000389 seconds.
  path: Assets/Spites/Robot/RobotBoyIdleSprite.png
  artifactKey: Guid(8fb98a6035269e64a998f9b56828fc4f) Importer(815301076,1909f56bfc062723c751e8b465ee728b)
Start importing Assets/Spites/Robot/RobotBoyIdleSprite.png using Guid(8fb98a6035269e64a998f9b56828fc4f) Importer(815301076,1909f56bfc062723c751e8b465ee728b)  -> (artifact id: 'b49430138d1130212da6eb206bd480e4') in 0.149334 seconds 
========================================================================
Received Import Request.
  Time since last request: 0.000416 seconds.
  path: Assets/Spites/Robot/RobotBoyRunSprite.png
  artifactKey: Guid(803baf1ea73913f46b25e07d0a79df22) Importer(815301076,1909f56bfc062723c751e8b465ee728b)
Start importing Assets/Spites/Robot/RobotBoyRunSprite.png using Guid(803baf1ea73913f46b25e07d0a79df22) Importer(815301076,1909f56bfc062723c751e8b465ee728b)  -> (artifact id: 'abda01553ff18af960dd8689679133e7') in 0.092651 seconds 
========================================================================
Received Import Request.
  Time since last request: 1101.699259 seconds.
  path: Assets/Scripts
  artifactKey: Guid(0440aa76090429d4ea06f8bed4431d13) Importer(815301076,1909f56bfc062723c751e8b465ee728b)
Start importing Assets/Scripts using Guid(0440aa76090429d4ea06f8bed4431d13) Importer(815301076,1909f56bfc062723c751e8b465ee728b)  -> (artifact id: 'bec3b471c334942aa5997571ff134c66') in 0.016626 seconds 
========================================================================
Received Import Request.
  Time since last request: 13.060807 seconds.
  path: Assets/Scripts/PlayerController
  artifactKey: Guid(71c30607ab68f1e47a1a4e617555f62e) Importer(815301076,1909f56bfc062723c751e8b465ee728b)
Start importing Assets/Scripts/PlayerController using Guid(71c30607ab68f1e47a1a4e617555f62e) Importer(815301076,1909f56bfc062723c751e8b465ee728b)  -> (artifact id: 'ed3f61b528e24faabc71f5831be3725c') in 0.002902 seconds 
========================================================================
Received Import Request.
  Time since last request: 8.341748 seconds.
  path: Assets/Scripts/Player
  artifactKey: Guid(71c30607ab68f1e47a1a4e617555f62e) Importer(815301076,1909f56bfc062723c751e8b465ee728b)
Start importing Assets/Scripts/Player using Guid(71c30607ab68f1e47a1a4e617555f62e) Importer(815301076,1909f56bfc062723c751e8b465ee728b)  -> (artifact id: 'e7759005e5a0fca4fdf91d715adb60af') in 0.004299 seconds 
========================================================================
Received Import Request.
  Time since last request: 11.491836 seconds.
  path: Assets/Scripts/Player/PlayerController.cs
  artifactKey: Guid(d06ab862f7a32984ead9d02d0198b229) Importer(815301076,1909f56bfc062723c751e8b465ee728b)
Start importing Assets/Scripts/Player/PlayerController.cs using Guid(d06ab862f7a32984ead9d02d0198b229) Importer(815301076,1909f56bfc062723c751e8b465ee728b)  -> (artifact id: '2368d7abb5ee06cb726f294a3ca7649c') in 0.011359 seconds 
========================================================================
Received Prepare
Registering precompiled user dll's ...
Registered in 0.056033 seconds.
Begin MonoManager ReloadAssembly
Native extension for WindowsStandalone target not found
Native extension for WebGL target not found
Refreshing native plugins compatible for Editor in 0.58 ms, found 3 plugins.
Preloading 0 native plugins for Editor in 0.00 ms.
Mono: successfully reloaded assembly
- Completed reload, in  1.214 seconds
Domain Reload Profiling:
	ReloadAssembly (1214ms)
		BeginReloadAssembly (144ms)
			ExecutionOrderSort (0ms)
			DisableScriptedObjects (7ms)
			BackupInstance (0ms)
			ReleaseScriptingObjects (0ms)
			CreateAndSetChildDomain (44ms)
		EndReloadAssembly (997ms)
			LoadAssemblies (123ms)
			RebuildTransferFunctionScriptingTraits (0ms)
			SetupTypeCache (345ms)
			ReleaseScriptCaches (2ms)
			RebuildScriptCaches (53ms)
			SetupLoadedEditorAssemblies (370ms)
				LogAssemblyErrors (0ms)
				InitializePlatformSupportModulesInManaged (6ms)
				SetLoadedEditorAssemblies (1ms)
				RefreshPlugins (1ms)
				BeforeProcessingInitializeOnLoad (102ms)
				ProcessInitializeOnLoadAttributes (233ms)
				ProcessInitializeOnLoadMethodAttributes (19ms)
				AfterProcessingInitializeOnLoad (8ms)
				EditorAssembliesLoaded (0ms)
			ExecutionOrderSort2 (0ms)
			AwakeInstancesAfterBackupRestoration (5ms)
Platform modules already initialized, skipping
Refreshing native plugins compatible for Editor in 1.14 ms, found 3 plugins.
Preloading 0 native plugins for Editor in 0.00 ms.
Unloading 2201 Unused Serialized files (Serialized files now loaded: 0)
System memory in use before: 100.1 MB.
System memory in use after: 100.1 MB.

Unloading 20 unused Assets to reduce memory usage. Loaded Objects now: 2649.
Total: 5.408400 ms (FindLiveObjects: 0.304300 ms CreateObjectMapping: 0.140400 ms MarkObjects: 4.774300 ms  DeleteObjects: 0.187700 ms)

AssetImportParameters requested are different than current active one (requested -> active):
  custom:framework-win-MediaFoundation: 216162199b28c13a410421893ffa2e32 -> 
  custom:video-decoder-ogg-theora: a1e56fd34408186e4bbccfd4996cb3dc -> 
  custom:container-muxer-webm: aa71ff27fc2769a1b78a27578f13a17b -> 
  custom:container-demuxer-webm: 4f35f7cbe854078d1ac9338744f61a02 -> 
  custom:container-demuxer-ogg: 62fdf1f143b41e24485cea50d1cbac27 -> 
  custom:video-encoder-webm-vp8: eb34c28f22e8b96e1ab97ce403110664 -> 
  custom:video-decoder-webm-vp8: 9c59270c3fd7afecdb556c50c9e8de78 -> 
  custom:audio-decoder-ogg-vorbis: bf7c407c2cedff20999df2af8eb42d56 -> 
  custom:audio-encoder-webm-vorbis: bf7c407c2cedff20999df2af8eb42d56 -> 
AssetImportWorkerClient::OnTransportError - code=2 error=End of file
